30-Oct-2018 07:32:12.794 INFO [main] org.apache.catalina.startup.VersionLoggerListener.log Server version:        Apache Tomcat/9.0.12
30-Oct-2018 07:32:12.797 INFO [main] org.apache.catalina.startup.VersionLoggerListener.log Server built:          Sep 4 2018 22:13:41 UTC
30-Oct-2018 07:32:12.798 INFO [main] org.apache.catalina.startup.VersionLoggerListener.log Server number:         9.0.12.0
30-Oct-2018 07:32:12.798 INFO [main] org.apache.catalina.startup.VersionLoggerListener.log OS Name:               Mac OS X
30-Oct-2018 07:32:12.798 INFO [main] org.apache.catalina.startup.VersionLoggerListener.log OS Version:            10.14
30-Oct-2018 07:32:12.798 INFO [main] org.apache.catalina.startup.VersionLoggerListener.log Architecture:          x86_64
30-Oct-2018 07:32:12.798 INFO [main] org.apache.catalina.startup.VersionLoggerListener.log Java Home:             /Library/Java/JavaVirtualMachines/jdk1.8.0_181.jdk/Contents/Home/jre
30-Oct-2018 07:32:12.798 INFO [main] org.apache.catalina.startup.VersionLoggerListener.log JVM Version:           1.8.0_181-b13
30-Oct-2018 07:32:12.799 INFO [main] org.apache.catalina.startup.VersionLoggerListener.log JVM Vendor:            Oracle Corporation
30-Oct-2018 07:32:12.799 INFO [main] org.apache.catalina.startup.VersionLoggerListener.log CATALINA_BASE:         /Users/wi5483pi/Documents/apache/apache-tomcat-9.0.12
30-Oct-2018 07:32:12.799 INFO [main] org.apache.catalina.startup.VersionLoggerListener.log CATALINA_HOME:         /Users/wi5483pi/Documents/apache/apache-tomcat-9.0.12
30-Oct-2018 07:32:12.801 INFO [main] org.apache.catalina.startup.VersionLoggerListener.log Command line argument: -Djava.util.logging.config.file=/Users/wi5483pi/Documents/apache/apache-tomcat-9.0.12/conf/logging.properties
30-Oct-2018 07:32:12.801 INFO [main] org.apache.catalina.startup.VersionLoggerListener.log Command line argument: -Djava.util.logging.manager=org.apache.juli.ClassLoaderLogManager
30-Oct-2018 07:32:12.801 INFO [main] org.apache.catalina.startup.VersionLoggerListener.log Command line argument: -Djdk.tls.ephemeralDHKeySize=2048
30-Oct-2018 07:32:12.801 INFO [main] org.apache.catalina.startup.VersionLoggerListener.log Command line argument: -Djava.protocol.handler.pkgs=org.apache.catalina.webresources
30-Oct-2018 07:32:12.802 INFO [main] org.apache.catalina.startup.VersionLoggerListener.log Command line argument: -Dorg.apache.catalina.security.SecurityListener.UMASK=0027
30-Oct-2018 07:32:12.802 INFO [main] org.apache.catalina.startup.VersionLoggerListener.log Command line argument: -Dignore.endorsed.dirs=
30-Oct-2018 07:32:12.802 INFO [main] org.apache.catalina.startup.VersionLoggerListener.log Command line argument: -Dcatalina.base=/Users/wi5483pi/Documents/apache/apache-tomcat-9.0.12
30-Oct-2018 07:32:12.802 INFO [main] org.apache.catalina.startup.VersionLoggerListener.log Command line argument: -Dcatalina.home=/Users/wi5483pi/Documents/apache/apache-tomcat-9.0.12
30-Oct-2018 07:32:12.802 INFO [main] org.apache.catalina.startup.VersionLoggerListener.log Command line argument: -Djava.io.tmpdir=/Users/wi5483pi/Documents/apache/apache-tomcat-9.0.12/temp
30-Oct-2018 07:32:12.802 INFO [main] org.apache.catalina.core.AprLifecycleListener.lifecycleEvent The APR based Apache Tomcat Native library which allows optimal performance in production environments was not found on the java.library.path: [/Users/wi5483pi/Library/Java/Extensions:/Library/Java/Extensions:/Network/Library/Java/Extensions:/System/Library/Java/Extensions:/usr/lib/java:.]
30-Oct-2018 07:32:12.944 INFO [main] org.apache.coyote.AbstractProtocol.init Initializing ProtocolHandler ["http-nio-8080"]
30-Oct-2018 07:32:12.963 INFO [main] org.apache.tomcat.util.net.NioSelectorPool.getSharedSelector Using a shared selector for servlet write/read
30-Oct-2018 07:32:12.970 INFO [main] org.apache.coyote.AbstractProtocol.init Initializing ProtocolHandler ["ajp-nio-8009"]
30-Oct-2018 07:32:12.971 INFO [main] org.apache.tomcat.util.net.NioSelectorPool.getSharedSelector Using a shared selector for servlet write/read
30-Oct-2018 07:32:12.972 INFO [main] org.apache.catalina.startup.Catalina.load Initialization processed in 594 ms
30-Oct-2018 07:32:13.004 INFO [main] org.apache.catalina.core.StandardService.startInternal Starting service [Catalina]
30-Oct-2018 07:32:13.005 INFO [main] org.apache.catalina.core.StandardEngine.startInternal Starting Servlet Engine: Apache Tomcat/9.0.12
30-Oct-2018 07:32:13.043 INFO [main] org.apache.catalina.startup.HostConfig.deployWAR Deploying web application archive [/Users/wi5483pi/Documents/apache/apache-tomcat-9.0.12/webapps/Rando.war]
30-Oct-2018 07:32:14.162 INFO [main] org.apache.jasper.servlet.TldScanner.scanJars At least one JAR was scanned for TLDs yet contained no TLDs. Enable debug logging for this logger for a complete list of JARs that were scanned but no TLDs were found in them. Skipping unneeded JARs during scanning can improve startup time and JSP compilation time.
30-Oct-2018 07:32:14.215 INFO [main] org.apache.catalina.startup.HostConfig.deployWAR Deployment of web application archive [/Users/wi5483pi/Documents/apache/apache-tomcat-9.0.12/webapps/Rando.war] has finished in [1,171] ms
30-Oct-2018 07:32:14.216 INFO [main] org.apache.catalina.startup.HostConfig.deployDirectory Deploying web application directory [/Users/wi5483pi/Documents/apache/apache-tomcat-9.0.12/webapps/docs]
30-Oct-2018 07:32:14.241 INFO [main] org.apache.catalina.startup.HostConfig.deployDirectory Deployment of web application directory [/Users/wi5483pi/Documents/apache/apache-tomcat-9.0.12/webapps/docs] has finished in [25] ms
30-Oct-2018 07:32:14.242 INFO [main] org.apache.catalina.startup.HostConfig.deployDirectory Deploying web application directory [/Users/wi5483pi/Documents/apache/apache-tomcat-9.0.12/webapps/manager]
30-Oct-2018 07:32:14.333 INFO [main] org.apache.catalina.startup.HostConfig.deployDirectory Deployment of web application directory [/Users/wi5483pi/Documents/apache/apache-tomcat-9.0.12/webapps/manager] has finished in [91] ms
30-Oct-2018 07:32:14.333 INFO [main] org.apache.catalina.startup.HostConfig.deployDirectory Deploying web application directory [/Users/wi5483pi/Documents/apache/apache-tomcat-9.0.12/webapps/examples]
30-Oct-2018 07:32:14.896 INFO [main] org.apache.catalina.startup.HostConfig.deployDirectory Deployment of web application directory [/Users/wi5483pi/Documents/apache/apache-tomcat-9.0.12/webapps/examples] has finished in [563] ms
30-Oct-2018 07:32:14.896 INFO [main] org.apache.catalina.startup.HostConfig.deployDirectory Deploying web application directory [/Users/wi5483pi/Documents/apache/apache-tomcat-9.0.12/webapps/ROOT]
30-Oct-2018 07:32:14.915 INFO [main] org.apache.catalina.startup.HostConfig.deployDirectory Deployment of web application directory [/Users/wi5483pi/Documents/apache/apache-tomcat-9.0.12/webapps/ROOT] has finished in [19] ms
30-Oct-2018 07:32:14.915 INFO [main] org.apache.catalina.startup.HostConfig.deployDirectory Deploying web application directory [/Users/wi5483pi/Documents/apache/apache-tomcat-9.0.12/webapps/host-manager]
30-Oct-2018 07:32:14.971 INFO [main] org.apache.catalina.startup.HostConfig.deployDirectory Deployment of web application directory [/Users/wi5483pi/Documents/apache/apache-tomcat-9.0.12/webapps/host-manager] has finished in [55] ms
30-Oct-2018 07:32:14.974 INFO [main] org.apache.coyote.AbstractProtocol.start Starting ProtocolHandler ["http-nio-8080"]
30-Oct-2018 07:32:14.982 INFO [main] org.apache.coyote.AbstractProtocol.start Starting ProtocolHandler ["ajp-nio-8009"]
30-Oct-2018 07:32:14.984 INFO [main] org.apache.catalina.startup.Catalina.start Server startup in 2012 ms
30-Oct-2018 07:32:45.534 INFO [main] org.apache.catalina.core.StandardServer.await A valid shutdown command was received via the shutdown port. Stopping the Server instance.
30-Oct-2018 07:32:45.534 INFO [main] org.apache.coyote.AbstractProtocol.pause Pausing ProtocolHandler ["http-nio-8080"]
30-Oct-2018 07:32:45.588 INFO [main] org.apache.coyote.AbstractProtocol.pause Pausing ProtocolHandler ["ajp-nio-8009"]
30-Oct-2018 07:32:45.642 INFO [main] org.apache.catalina.core.StandardService.stopInternal Stopping service [Catalina]
30-Oct-2018 07:32:45.674 WARNING [main] org.apache.catalina.loader.WebappClassLoaderBase.clearReferencesJdbc The web application [Rando] registered the JDBC driver [com.mysql.jdbc.Driver] but failed to unregister it when the web application was stopped. To prevent a memory leak, the JDBC Driver has been forcibly unregistered.
30-Oct-2018 07:32:45.674 WARNING [main] org.apache.catalina.loader.WebappClassLoaderBase.clearReferencesThreads The web application [Rando] appears to have started a thread named [Abandoned connection cleanup thread] but has failed to stop it. This is very likely to create a memory leak. Stack trace of thread:
 java.lang.Object.wait(Native Method)
 java.lang.ref.ReferenceQueue.remove(ReferenceQueue.java:144)
 com.mysql.jdbc.AbandonedConnectionCleanupThread.run(AbandonedConnectionCleanupThread.java:64)
 java.util.concurrent.ThreadPoolExecutor.runWorker(ThreadPoolExecutor.java:1149)
 java.util.concurrent.ThreadPoolExecutor$Worker.run(ThreadPoolExecutor.java:624)
 java.lang.Thread.run(Thread.java:748)
30-Oct-2018 07:32:45.683 INFO [main] org.apache.coyote.AbstractProtocol.stop Stopping ProtocolHandler ["http-nio-8080"]
30-Oct-2018 07:32:45.686 INFO [main] org.apache.coyote.AbstractProtocol.stop Stopping ProtocolHandler ["ajp-nio-8009"]
30-Oct-2018 07:32:45.688 INFO [main] org.apache.coyote.AbstractProtocol.destroy Destroying ProtocolHandler ["http-nio-8080"]
30-Oct-2018 07:32:45.689 INFO [main] org.apache.coyote.AbstractProtocol.destroy Destroying ProtocolHandler ["ajp-nio-8009"]
