28-Oct-2018 10:20:40.326 INFO [main] org.apache.catalina.startup.VersionLoggerListener.log Server version:        Apache Tomcat/9.0.12
28-Oct-2018 10:20:40.333 INFO [main] org.apache.catalina.startup.VersionLoggerListener.log Server built:          Sep 4 2018 22:13:41 UTC
28-Oct-2018 10:20:40.333 INFO [main] org.apache.catalina.startup.VersionLoggerListener.log Server number:         9.0.12.0
28-Oct-2018 10:20:40.333 INFO [main] org.apache.catalina.startup.VersionLoggerListener.log OS Name:               Mac OS X
28-Oct-2018 10:20:40.333 INFO [main] org.apache.catalina.startup.VersionLoggerListener.log OS Version:            10.14
28-Oct-2018 10:20:40.333 INFO [main] org.apache.catalina.startup.VersionLoggerListener.log Architecture:          x86_64
28-Oct-2018 10:20:40.334 INFO [main] org.apache.catalina.startup.VersionLoggerListener.log Java Home:             /Library/Java/JavaVirtualMachines/jdk1.8.0_181.jdk/Contents/Home/jre
28-Oct-2018 10:20:40.334 INFO [main] org.apache.catalina.startup.VersionLoggerListener.log JVM Version:           1.8.0_181-b13
28-Oct-2018 10:20:40.334 INFO [main] org.apache.catalina.startup.VersionLoggerListener.log JVM Vendor:            Oracle Corporation
28-Oct-2018 10:20:40.334 INFO [main] org.apache.catalina.startup.VersionLoggerListener.log CATALINA_BASE:         /Users/wi5483pi/Documents/apache/apache-tomcat-9.0.12
28-Oct-2018 10:20:40.334 INFO [main] org.apache.catalina.startup.VersionLoggerListener.log CATALINA_HOME:         /Users/wi5483pi/Documents/apache/apache-tomcat-9.0.12
28-Oct-2018 10:20:40.335 INFO [main] org.apache.catalina.startup.VersionLoggerListener.log Command line argument: -Djava.util.logging.config.file=/Users/wi5483pi/Documents/apache/apache-tomcat-9.0.12/conf/logging.properties
28-Oct-2018 10:20:40.335 INFO [main] org.apache.catalina.startup.VersionLoggerListener.log Command line argument: -Djava.util.logging.manager=org.apache.juli.ClassLoaderLogManager
28-Oct-2018 10:20:40.335 INFO [main] org.apache.catalina.startup.VersionLoggerListener.log Command line argument: -Djdk.tls.ephemeralDHKeySize=2048
28-Oct-2018 10:20:40.335 INFO [main] org.apache.catalina.startup.VersionLoggerListener.log Command line argument: -Djava.protocol.handler.pkgs=org.apache.catalina.webresources
28-Oct-2018 10:20:40.336 INFO [main] org.apache.catalina.startup.VersionLoggerListener.log Command line argument: -Dorg.apache.catalina.security.SecurityListener.UMASK=0027
28-Oct-2018 10:20:40.336 INFO [main] org.apache.catalina.startup.VersionLoggerListener.log Command line argument: -Dignore.endorsed.dirs=
28-Oct-2018 10:20:40.337 INFO [main] org.apache.catalina.startup.VersionLoggerListener.log Command line argument: -Dcatalina.base=/Users/wi5483pi/Documents/apache/apache-tomcat-9.0.12
28-Oct-2018 10:20:40.337 INFO [main] org.apache.catalina.startup.VersionLoggerListener.log Command line argument: -Dcatalina.home=/Users/wi5483pi/Documents/apache/apache-tomcat-9.0.12
28-Oct-2018 10:20:40.337 INFO [main] org.apache.catalina.startup.VersionLoggerListener.log Command line argument: -Djava.io.tmpdir=/Users/wi5483pi/Documents/apache/apache-tomcat-9.0.12/temp
28-Oct-2018 10:20:40.338 INFO [main] org.apache.catalina.core.AprLifecycleListener.lifecycleEvent The APR based Apache Tomcat Native library which allows optimal performance in production environments was not found on the java.library.path: [/Users/wi5483pi/Library/Java/Extensions:/Library/Java/Extensions:/Network/Library/Java/Extensions:/System/Library/Java/Extensions:/usr/lib/java:.]
28-Oct-2018 10:20:40.516 INFO [main] org.apache.coyote.AbstractProtocol.init Initializing ProtocolHandler ["http-nio-8080"]
28-Oct-2018 10:20:40.541 INFO [main] org.apache.tomcat.util.net.NioSelectorPool.getSharedSelector Using a shared selector for servlet write/read
28-Oct-2018 10:20:40.551 INFO [main] org.apache.coyote.AbstractProtocol.init Initializing ProtocolHandler ["ajp-nio-8009"]
28-Oct-2018 10:20:40.552 INFO [main] org.apache.tomcat.util.net.NioSelectorPool.getSharedSelector Using a shared selector for servlet write/read
28-Oct-2018 10:20:40.553 INFO [main] org.apache.catalina.startup.Catalina.load Initialization processed in 726 ms
28-Oct-2018 10:20:40.584 INFO [main] org.apache.catalina.core.StandardService.startInternal Starting service [Catalina]
28-Oct-2018 10:20:40.585 INFO [main] org.apache.catalina.core.StandardEngine.startInternal Starting Servlet Engine: Apache Tomcat/9.0.12
28-Oct-2018 10:20:40.597 INFO [main] org.apache.catalina.startup.HostConfig.deployDirectory Deploying web application directory [/Users/wi5483pi/Documents/apache/apache-tomcat-9.0.12/webapps/docs]
28-Oct-2018 10:20:40.987 INFO [main] org.apache.catalina.startup.HostConfig.deployDirectory Deployment of web application directory [/Users/wi5483pi/Documents/apache/apache-tomcat-9.0.12/webapps/docs] has finished in [389] ms
28-Oct-2018 10:20:40.987 INFO [main] org.apache.catalina.startup.HostConfig.deployDirectory Deploying web application directory [/Users/wi5483pi/Documents/apache/apache-tomcat-9.0.12/webapps/manager]
28-Oct-2018 10:20:41.029 INFO [main] org.apache.catalina.startup.HostConfig.deployDirectory Deployment of web application directory [/Users/wi5483pi/Documents/apache/apache-tomcat-9.0.12/webapps/manager] has finished in [42] ms
28-Oct-2018 10:20:41.030 INFO [main] org.apache.catalina.startup.HostConfig.deployDirectory Deploying web application directory [/Users/wi5483pi/Documents/apache/apache-tomcat-9.0.12/webapps/examples]
28-Oct-2018 10:20:41.418 INFO [main] org.apache.catalina.startup.HostConfig.deployDirectory Deployment of web application directory [/Users/wi5483pi/Documents/apache/apache-tomcat-9.0.12/webapps/examples] has finished in [388] ms
28-Oct-2018 10:20:41.419 INFO [main] org.apache.catalina.startup.HostConfig.deployDirectory Deploying web application directory [/Users/wi5483pi/Documents/apache/apache-tomcat-9.0.12/webapps/ROOT]
28-Oct-2018 10:20:41.441 INFO [main] org.apache.catalina.startup.HostConfig.deployDirectory Deployment of web application directory [/Users/wi5483pi/Documents/apache/apache-tomcat-9.0.12/webapps/ROOT] has finished in [22] ms
28-Oct-2018 10:20:41.442 INFO [main] org.apache.catalina.startup.HostConfig.deployDirectory Deploying web application directory [/Users/wi5483pi/Documents/apache/apache-tomcat-9.0.12/webapps/host-manager]
28-Oct-2018 10:20:41.469 INFO [main] org.apache.catalina.startup.HostConfig.deployDirectory Deployment of web application directory [/Users/wi5483pi/Documents/apache/apache-tomcat-9.0.12/webapps/host-manager] has finished in [28] ms
28-Oct-2018 10:20:41.472 INFO [main] org.apache.coyote.AbstractProtocol.start Starting ProtocolHandler ["http-nio-8080"]
28-Oct-2018 10:20:41.479 INFO [main] org.apache.coyote.AbstractProtocol.start Starting ProtocolHandler ["ajp-nio-8009"]
28-Oct-2018 10:20:41.481 INFO [main] org.apache.catalina.startup.Catalina.start Server startup in 927 ms
28-Oct-2018 10:23:12.227 INFO [main] org.apache.catalina.core.StandardServer.await A valid shutdown command was received via the shutdown port. Stopping the Server instance.
28-Oct-2018 10:23:12.227 INFO [main] org.apache.coyote.AbstractProtocol.pause Pausing ProtocolHandler ["http-nio-8080"]
28-Oct-2018 10:23:12.285 INFO [main] org.apache.coyote.AbstractProtocol.pause Pausing ProtocolHandler ["ajp-nio-8009"]
28-Oct-2018 10:23:12.339 INFO [main] org.apache.catalina.core.StandardService.stopInternal Stopping service [Catalina]
28-Oct-2018 10:23:12.366 INFO [main] org.apache.coyote.AbstractProtocol.stop Stopping ProtocolHandler ["http-nio-8080"]
28-Oct-2018 10:23:12.370 INFO [main] org.apache.coyote.AbstractProtocol.stop Stopping ProtocolHandler ["ajp-nio-8009"]
28-Oct-2018 10:23:12.371 INFO [main] org.apache.coyote.AbstractProtocol.destroy Destroying ProtocolHandler ["http-nio-8080"]
28-Oct-2018 10:23:12.372 INFO [main] org.apache.coyote.AbstractProtocol.destroy Destroying ProtocolHandler ["ajp-nio-8009"]
